<?xml version="1.0" encoding="UTF-8"?>
<testsuite name="test.BoardCreation" tests="1" skipped="0" failures="0" errors="0" timestamp="2021-11-30T17:33:03" hostname="LAPTOP-44JBEN25" time="37.295">
  <properties/>
  <testcase name="testBoardCreation2" classname="test.BoardCreation" time="37.295"/>
  <system-out><![CDATA[19:33:03 INFO  test.TestBase - Start test-->testBoardCreation2
19:33:03 INFO  manager.MyListener - Start searching element by locator-->By.cssSelector: [data-test-id='header-create-menu-button']
19:33:27 INFO  manager.MyListener - Element by locator-->By.cssSelector: [data-test-id='header-create-menu-button']was found
19:33:32 INFO  manager.MyListener - Start searching element by locator-->By.cssSelector: ._3Qtx4lodxp9J0E
19:33:32 INFO  manager.MyListener - Element by locator-->By.cssSelector: ._3Qtx4lodxp9J0Ewas found
19:33:32 INFO  manager.MyListener - Start searching element by locator-->By.cssSelector: [data-test-id='create-board-title-input']
19:33:32 INFO  manager.MyListener - Element by locator-->By.cssSelector: [data-test-id='create-board-title-input']was found
19:33:32 INFO  manager.MyListener - Start searching element by locator-->By.cssSelector: [data-test-id='create-board-title-input']
19:33:32 INFO  manager.MyListener - Element by locator-->By.cssSelector: [data-test-id='create-board-title-input']was found
19:33:32 INFO  manager.MyListener - Start searching element by locator-->By.cssSelector: [data-test-id='create-board-title-input']
19:33:32 INFO  manager.MyListener - Element by locator-->By.cssSelector: [data-test-id='create-board-title-input']was found
19:33:32 INFO  manager.MyListener - Start searching element by locator-->By.cssSelector: [data-test-id='header-create-menu-popover']
19:33:32 INFO  manager.MyListener - Element by locator-->By.cssSelector: [data-test-id='header-create-menu-popover']was found
19:33:37 INFO  manager.MyListener - Start searching element by locator-->By.cssSelector: [data-test-id='create-board-submit-button']
19:33:37 INFO  manager.MyListener - Element by locator-->By.cssSelector: [data-test-id='create-board-submit-button']was found
19:33:37 INFO  manager.MyListener - Start searching element by locator-->By.cssSelector: .list-name-input
19:33:40 INFO  manager.MyListener - Element by locator-->By.cssSelector: .list-name-inputwas found
19:33:40 INFO  manager.MyListener - Start searching element by locator-->By.cssSelector: .list-name-input
19:33:40 INFO  manager.MyListener - Element by locator-->By.cssSelector: .list-name-inputwas found
19:33:40 INFO  manager.MyListener - Start searching element by locator-->By.cssSelector: ._9Bfh6AVH84yAZe
19:33:40 INFO  manager.MyListener - Element by locator-->By.cssSelector: ._9Bfh6AVH84yAZewas found
19:33:40 INFO  test.TestBase - ******************************************
]]></system-out>
  <system-err><![CDATA[]]></system-err>
</testsuite>
