<?xml version="1.0" encoding="UTF-8"?>
<testsuite name="test.BoardCreation" tests="1" skipped="1" failures="0" errors="0" timestamp="2021-11-30T17:54:19" hostname="LAPTOP-44JBEN25" time="0.0">
  <properties/>
  <testcase name="testBoardCreation2" classname="test.BoardCreation" time="0.0">
    <skipped/>
  </testcase>
  <system-out><![CDATA[19:54:19 INFO  test.TestBase - Start test-->testBoardCreation2
19:54:19 INFO  test.TestBase - ******************************************
]]></system-out>
  <system-err><![CDATA[]]></system-err>
</testsuite>
